#! /c/Source/iverilog-install/bin/vvp
:ivl_version "12.0 (devel)" "(s20150603-1110-g18392a46)";
:ivl_delay_selection "TYPICAL";
:vpi_time_precision + 0;
:vpi_module "C:\iverilog\lib\ivl\system.vpi";
:vpi_module "C:\iverilog\lib\ivl\vhdl_sys.vpi";
:vpi_module "C:\iverilog\lib\ivl\vhdl_textio.vpi";
:vpi_module "C:\iverilog\lib\ivl\v2005_math.vpi";
:vpi_module "C:\iverilog\lib\ivl\va_math.vpi";
S_000001d11987b1a0 .scope module, "test" "test" 2 42;
 .timescale 0 0;
v000001d119876e50_0 .var "Phyiscal_Address", 21 0;
S_000001d11987bb40 .scope module, "c1" "cache_memory" 2 45, 2 2 0, S_000001d11987b1a0;
 .timescale 0 0;
    .port_info 0 /INPUT 22 "Phyiscal_Address";
v000001d11987b330_0 .var "Line_Number", 9 0;
v000001d1199383c0_0 .net "Phyiscal_Address", 21 0, v000001d119876e50_0;  1 drivers
v000001d11987bcd0 .array "cache", 0 1023, 1031 0;
v000001d11987bd70_0 .var "cache_check", 1031 0;
v000001d11987be10_0 .var "main_block", 17 0;
v000001d11987beb0 .array "main_memory", 0 262143, 1023 0;
v000001d119876bd0_0 .var "tag", 7 0;
v000001d119876c70_0 .var "tag_fill", 7 0;
v000001d119876d10_0 .var "temp", 9 0;
v000001d119876db0_0 .var "word", 3 0;
E_000001d11987a830 .event anyedge, v000001d1199383c0_0;
    .scope S_000001d11987bb40;
T_0 ;
    %wait E_000001d11987a830;
    %load/vec4 v000001d1199383c0_0;
    %parti/s 8, 14, 5;
    %store/vec4 v000001d119876bd0_0, 0, 8;
    %load/vec4 v000001d1199383c0_0;
    %parti/s 10, 4, 4;
    %store/vec4 v000001d11987b330_0, 0, 10;
    %load/vec4 v000001d1199383c0_0;
    %parti/s 4, 0, 2;
    %store/vec4 v000001d119876db0_0, 0, 4;
    %load/vec4 v000001d11987b330_0;
    %pad/u 12;
    %ix/vec4 4;
    %load/vec4a v000001d11987bcd0, 4;
    %store/vec4 v000001d11987bd70_0, 0, 1032;
    %load/vec4 v000001d119876bd0_0;
    %load/vec4 v000001d11987bd70_0;
    %parti/s 8, 1024, 12;
    %cmp/e;
    %jmp/0xz  T_0.0, 4;
    %vpi_call 2 24 "$display", "Cache hit has occured!!!!!!!!!!!!" {0 0 0};
    %vpi_call 2 25 "$display", "tag = %d line number = %d  word = %b\012", v000001d119876bd0_0, v000001d11987b330_0, v000001d119876db0_0 {0 0 0};
    %jmp T_0.1;
T_0.0 ;
    %load/vec4 v000001d1199383c0_0;
    %parti/s 18, 4, 4;
    %store/vec4 v000001d11987be10_0, 0, 18;
    %load/vec4 v000001d11987be10_0;
    %pad/u 32;
    %pushi/vec4 1024, 0, 32;
    %mod;
    %pad/u 10;
    %store/vec4 v000001d119876d10_0, 0, 10;
    %load/vec4 v000001d11987be10_0;
    %pad/u 32;
    %pushi/vec4 1024, 0, 32;
    %div;
    %pad/u 8;
    %store/vec4 v000001d119876c70_0, 0, 8;
    %load/vec4 v000001d119876c70_0;
    %load/vec4 v000001d11987be10_0;
    %pad/u 20;
    %ix/vec4 4;
    %load/vec4a v000001d11987beb0, 4;
    %concat/vec4; draw_concat_vec4
    %load/vec4 v000001d119876d10_0;
    %pad/u 12;
    %ix/vec4 4;
    %store/vec4a v000001d11987bcd0, 4, 0;
    %vpi_call 2 34 "$display", "Cache miss and loaded from main memory!!!!!!!!!" {0 0 0};
    %vpi_call 2 35 "$display", "tag = %d line number = %d  word = %b", v000001d119876c70_0, v000001d119876d10_0, v000001d119876db0_0 {0 0 0};
    %vpi_call 2 37 "$display", "Main_Memory_Block = %d\012", v000001d11987be10_0 {0 0 0};
T_0.1 ;
    %jmp T_0;
    .thread T_0, $push;
    .scope S_000001d11987b1a0;
T_1 ;
    %delay 0, 0;
    %pushi/vec4 320009, 0, 22;
    %store/vec4 v000001d119876e50_0, 0, 22;
    %delay 10, 0;
    %pushi/vec4 829961, 0, 22;
    %store/vec4 v000001d119876e50_0, 0, 22;
    %delay 20, 0;
    %pushi/vec4 453131, 0, 22;
    %store/vec4 v000001d119876e50_0, 0, 22;
    %delay 30, 0;
    %pushi/vec4 320009, 0, 22;
    %store/vec4 v000001d119876e50_0, 0, 22;
    %delay 40, 0;
    %pushi/vec4 827915, 0, 22;
    %store/vec4 v000001d119876e50_0, 0, 22;
    %delay 50, 0;
    %pushi/vec4 453130, 0, 22;
    %store/vec4 v000001d119876e50_0, 0, 22;
    %delay 60, 0;
    %pushi/vec4 326153, 0, 22;
    %store/vec4 v000001d119876e50_0, 0, 22;
    %delay 70, 0;
    %pushi/vec4 320013, 0, 22;
    %store/vec4 v000001d119876e50_0, 0, 22;
    %delay 80, 0;
    %pushi/vec4 326155, 0, 22;
    %store/vec4 v000001d119876e50_0, 0, 22;
    %end;
    .thread T_1;
# The file index is used to find the file name in the following table.
:file_names 3;
    "N/A";
    "<interactive>";
    ".\COE19B007_Cache.v";
